[20-Aug-2025 12:02:16 UTC] Registering shortcode
[20-Aug-2025 12:02:57 UTC] Registering shortcode
[20-Aug-2025 12:03:58 UTC] Registering shortcode
[20-Aug-2025 12:04:43 UTC] Registering shortcode
[20-Aug-2025 12:04:52 UTC] Registering shortcode
[20-Aug-2025 12:04:53 UTC] Registering shortcode
[20-Aug-2025 12:04:55 UTC] Registering shortcode
[20-Aug-2025 12:04:56 UTC] Registering shortcode
[20-Aug-2025 12:04:59 UTC] Registering shortcode
[20-Aug-2025 12:05:00 UTC] Registering shortcode
[20-Aug-2025 12:05:07 UTC] Registering shortcode
[20-Aug-2025 12:05:13 UTC] Registering shortcode
[20-Aug-2025 12:05:14 UTC] Registering shortcode
[20-Aug-2025 12:05:15 UTC] StefanGreeting shortcode handler anropad!
[20-Aug-2025 12:05:15 UTC] Registering shortcode
[20-Aug-2025 12:05:15 UTC] StefanGreeting shortcode handler anropad!
[20-Aug-2025 12:05:20 UTC] Registering shortcode
[20-Aug-2025 12:05:20 UTC] StefanGreeting shortcode handler anropad!
[20-Aug-2025 12:10:22 UTC] Registering shortcode
[20-Aug-2025 12:10:22 UTC] StefanGreeting shortcode handler anropad!
[20-Aug-2025 12:10:31 UTC] Registering shortcode
[20-Aug-2025 12:10:31 UTC] StefanGreeting shortcode handler anropad!
[21-Aug-2025 06:08:41 UTC] Registering shortcode
[21-Aug-2025 06:08:42 UTC] StefanGreeting shortcode handler anropad!
[21-Aug-2025 06:08:42 UTC] Registering shortcode
[21-Aug-2025 06:08:43 UTC] Automatic updates starting...
[21-Aug-2025 06:08:44 UTC]   Automatic plugin updates starting...
[21-Aug-2025 06:08:44 UTC]   Automatic plugin updates complete.
[21-Aug-2025 06:08:45 UTC] Automatic updates complete.
[21-Aug-2025 06:11:53 UTC] Registering shortcode
[21-Aug-2025 06:11:54 UTC] Registering shortcode
[21-Aug-2025 06:11:55 UTC] Registering shortcode
[21-Aug-2025 06:12:52 UTC] Registering shortcode
[21-Aug-2025 06:12:54 UTC] Registering shortcode
[21-Aug-2025 06:13:30 UTC] Registering shortcode
[21-Aug-2025 06:13:48 UTC] Registering shortcode
[21-Aug-2025 06:13:58 UTC] Registering shortcode
[21-Aug-2025 06:14:02 UTC] Registering shortcode
[21-Aug-2025 06:14:49 UTC] Registering shortcode
[21-Aug-2025 06:14:49 UTC] Registering shortcode
[21-Aug-2025 06:15:49 UTC] Registering shortcode
[21-Aug-2025 06:17:01 UTC] Registering shortcode
[21-Aug-2025 06:17:58 UTC] Registering shortcode
[21-Aug-2025 06:18:50 UTC] Registering shortcode
[21-Aug-2025 06:20:51 UTC] Registering shortcode
[21-Aug-2025 06:22:52 UTC] Registering shortcode
[21-Aug-2025 06:22:54 UTC] Registering shortcode
[21-Aug-2025 06:24:25 UTC] Registering shortcode
[21-Aug-2025 06:25:25 UTC] Registering shortcode
[21-Aug-2025 06:26:25 UTC] Registering shortcode
[21-Aug-2025 06:27:25 UTC] Registering shortcode
[21-Aug-2025 06:28:26 UTC] Registering shortcode
[21-Aug-2025 06:30:26 UTC] Registering shortcode
[21-Aug-2025 06:32:16 UTC] Registering shortcode
[21-Aug-2025 06:33:17 UTC] Registering shortcode
[21-Aug-2025 06:35:18 UTC] Registering shortcode
[21-Aug-2025 06:37:19 UTC] Registering shortcode
[21-Aug-2025 06:39:27 UTC] Registering shortcode
[21-Aug-2025 06:41:12 UTC] Registering shortcode
[21-Aug-2025 06:41:16 UTC] Registering shortcode
[21-Aug-2025 06:41:37 UTC] Registering shortcode
[21-Aug-2025 06:41:38 UTC] Registering shortcode
[21-Aug-2025 06:41:56 UTC] Registering shortcode
[21-Aug-2025 06:42:05 UTC] Registering shortcode
[21-Aug-2025 06:42:19 UTC] Registering shortcode
[21-Aug-2025 06:42:21 UTC] Registering shortcode
[21-Aug-2025 06:42:26 UTC] Registering shortcode
[21-Aug-2025 06:42:46 UTC] Registering shortcode
[21-Aug-2025 06:43:47 UTC] Registering shortcode
[21-Aug-2025 06:44:24 UTC] Registering shortcode
[21-Aug-2025 06:44:25 UTC] Registering shortcode
[21-Aug-2025 06:45:28 UTC] Registering shortcode
[21-Aug-2025 06:47:28 UTC] Registering shortcode
[21-Aug-2025 06:49:29 UTC] Registering shortcode
[21-Aug-2025 06:50:29 UTC] Registering shortcode
[21-Aug-2025 06:52:31 UTC] Registering shortcode
[21-Aug-2025 06:54:31 UTC] Registering shortcode
[21-Aug-2025 06:56:33 UTC] Registering shortcode
[21-Aug-2025 06:58:34 UTC] Registering shortcode
[21-Aug-2025 07:00:35 UTC] Registering shortcode
[21-Aug-2025 07:01:10 UTC] Registering shortcode
[21-Aug-2025 07:01:19 UTC] Registering shortcode
[21-Aug-2025 07:01:21 UTC] Registering shortcode
[21-Aug-2025 07:01:23 UTC] Registering shortcode
[21-Aug-2025 07:01:26 UTC] Registering shortcode
[21-Aug-2025 07:01:37 UTC] Registering shortcode
[21-Aug-2025 07:01:38 UTC] Registering shortcode
[21-Aug-2025 07:01:39 UTC] Registering shortcode
[21-Aug-2025 07:01:48 UTC] Registering shortcode
[21-Aug-2025 07:01:58 UTC] Registering shortcode
[21-Aug-2025 07:02:08 UTC] Registering shortcode
[21-Aug-2025 07:02:18 UTC] Registering shortcode
[21-Aug-2025 07:02:28 UTC] Registering shortcode
[21-Aug-2025 07:02:38 UTC] Registering shortcode
[21-Aug-2025 07:02:48 UTC] Registering shortcode
[21-Aug-2025 07:02:58 UTC] Registering shortcode
[21-Aug-2025 07:03:05 UTC] Registering shortcode
[21-Aug-2025 07:03:05 UTC] StefanGreeting shortcode handler anropad!
[21-Aug-2025 07:03:50 UTC] Registering shortcode
[21-Aug-2025 07:03:52 UTC] Registering shortcode
[21-Aug-2025 07:04:36 UTC] Registering shortcode
[21-Aug-2025 07:05:11 UTC] Registering shortcode
[21-Aug-2025 07:06:07 UTC] Registering shortcode
[21-Aug-2025 07:06:08 UTC] Registering shortcode
[21-Aug-2025 07:06:29 UTC] Registering shortcode
[21-Aug-2025 07:06:30 UTC] Registering shortcode
[21-Aug-2025 07:06:33 UTC] Registering shortcode
[21-Aug-2025 07:06:34 UTC] Registering shortcode
[21-Aug-2025 07:06:37 UTC] Registering shortcode
[21-Aug-2025 07:06:38 UTC] Registering shortcode
[21-Aug-2025 07:06:41 UTC] Registering shortcode
[21-Aug-2025 07:06:41 UTC] StefanGreeting shortcode handler anropad!
[21-Aug-2025 07:13:34 UTC] Registering shortcode
[21-Aug-2025 07:13:35 UTC] Registering shortcode
[21-Aug-2025 07:13:39 UTC] Registering shortcode
[21-Aug-2025 07:13:44 UTC] Registering shortcode
[21-Aug-2025 07:13:45 UTC] Registering shortcode
[21-Aug-2025 07:13:51 UTC] Registering shortcode
[21-Aug-2025 07:13:52 UTC] Registering shortcode
[21-Aug-2025 07:13:53 UTC] Registering shortcode
[21-Aug-2025 07:13:56 UTC] Registering shortcode
[21-Aug-2025 07:13:57 UTC] Registering shortcode
[21-Aug-2025 07:14:00 UTC] Registering shortcode
[21-Aug-2025 07:14:00 UTC] StefanGreeting shortcode handler anropad!
[21-Aug-2025 07:14:26 UTC] Registering shortcode
[21-Aug-2025 07:14:27 UTC] Registering shortcode
[21-Aug-2025 07:16:13 UTC] Registering shortcode
[21-Aug-2025 07:16:18 UTC] Registering shortcode
[21-Aug-2025 07:16:34 UTC] Registering shortcode
[21-Aug-2025 07:16:37 UTC] Registering shortcode
[21-Aug-2025 07:16:38 UTC] Registering shortcode
[21-Aug-2025 07:16:49 UTC] Registering shortcode
[21-Aug-2025 07:16:49 UTC] Registering shortcode
[21-Aug-2025 07:16:53 UTC] Registering shortcode
[21-Aug-2025 07:17:05 UTC] Registering shortcode
[21-Aug-2025 07:17:55 UTC] Registering shortcode
[21-Aug-2025 07:18:32 UTC] Registering shortcode
[21-Aug-2025 07:18:55 UTC] Registering shortcode
[21-Aug-2025 07:20:55 UTC] Registering shortcode
[21-Aug-2025 07:22:56 UTC] Registering shortcode
[21-Aug-2025 07:22:58 UTC] Registering shortcode
[21-Aug-2025 07:24:57 UTC] Registering shortcode
[21-Aug-2025 07:26:58 UTC] Registering shortcode
[21-Aug-2025 07:29:45 UTC] Registering shortcode
[21-Aug-2025 07:29:54 UTC] Registering shortcode
[21-Aug-2025 07:29:55 UTC] Registering shortcode
[21-Aug-2025 07:29:56 UTC] Registering shortcode
[21-Aug-2025 07:29:59 UTC] Registering shortcode
[21-Aug-2025 07:30:02 UTC] Registering shortcode
[21-Aug-2025 07:30:03 UTC] Registering shortcode
[21-Aug-2025 07:31:02 UTC] Registering shortcode
[21-Aug-2025 07:32:02 UTC] Registering shortcode
[21-Aug-2025 07:32:35 UTC] Registering shortcode
[21-Aug-2025 07:32:38 UTC] Registering shortcode
[21-Aug-2025 07:32:53 UTC] Registering shortcode
[21-Aug-2025 07:32:53 UTC] Registering shortcode
[21-Aug-2025 07:32:55 UTC] Registering shortcode
[21-Aug-2025 07:33:02 UTC] Registering shortcode
[21-Aug-2025 07:33:04 UTC] Registering shortcode
[21-Aug-2025 07:33:05 UTC] Registering shortcode
[21-Aug-2025 07:33:39 UTC] Registering shortcode
[21-Aug-2025 07:33:40 UTC] Registering shortcode
[21-Aug-2025 07:33:46 UTC] Registering shortcode
[21-Aug-2025 07:33:47 UTC] Registering shortcode
[21-Aug-2025 07:33:54 UTC] Registering shortcode
[21-Aug-2025 07:33:55 UTC] Registering shortcode
[21-Aug-2025 07:33:59 UTC] Registering shortcode
[21-Aug-2025 07:33:59 UTC] StefanGreeting shortcode handler anropad!
[21-Aug-2025 07:34:08 UTC] Registering shortcode
[21-Aug-2025 07:34:18 UTC] Registering shortcode
[21-Aug-2025 07:34:19 UTC] Registering shortcode
[21-Aug-2025 07:34:22 UTC] Registering shortcode
[21-Aug-2025 07:34:40 UTC] Registering shortcode
[21-Aug-2025 07:34:41 UTC] Registering shortcode
[21-Aug-2025 07:34:43 UTC] Registering shortcode
[21-Aug-2025 07:34:50 UTC] Registering shortcode
[21-Aug-2025 07:34:51 UTC] Registering shortcode
[21-Aug-2025 07:34:51 UTC] StefanGreeting shortcode handler anropad!
[21-Aug-2025 07:34:52 UTC] Registering shortcode
[21-Aug-2025 07:36:46 UTC] Registering shortcode
[21-Aug-2025 07:37:46 UTC] Registering shortcode
[21-Aug-2025 07:38:46 UTC] Registering shortcode
[21-Aug-2025 07:39:46 UTC] Registering shortcode
[21-Aug-2025 07:41:47 UTC] Registering shortcode
[21-Aug-2025 07:43:23 UTC] Registering shortcode
[21-Aug-2025 07:43:26 UTC] Registering shortcode
[21-Aug-2025 07:43:28 UTC] Registering shortcode
[21-Aug-2025 07:43:49 UTC] Registering shortcode
[21-Aug-2025 07:44:05 UTC] Registering shortcode
[21-Aug-2025 07:45:05 UTC] Registering shortcode
[21-Aug-2025 07:46:05 UTC] Registering shortcode
[21-Aug-2025 07:47:06 UTC] Registering shortcode
[21-Aug-2025 07:47:33 UTC] Registering shortcode
[21-Aug-2025 07:48:34 UTC] Registering shortcode
[21-Aug-2025 07:50:05 UTC] Registering shortcode
[21-Aug-2025 07:50:29 UTC] Registering shortcode
[21-Aug-2025 07:50:29 UTC] Registering shortcode
[21-Aug-2025 07:51:30 UTC] Registering shortcode
[21-Aug-2025 07:52:30 UTC] Registering shortcode
[21-Aug-2025 07:53:30 UTC] Registering shortcode
[21-Aug-2025 07:54:32 UTC] Registering shortcode
[21-Aug-2025 07:54:52 UTC] Registering shortcode
[21-Aug-2025 07:54:53 UTC] Registering shortcode
[21-Aug-2025 07:54:59 UTC] Registering shortcode
[21-Aug-2025 07:55:24 UTC] Registering shortcode
[21-Aug-2025 07:55:25 UTC] Registering shortcode
[21-Aug-2025 07:55:26 UTC] Registering shortcode
[21-Aug-2025 07:55:33 UTC] Registering shortcode
[21-Aug-2025 07:55:43 UTC] Registering shortcode
[21-Aug-2025 07:55:43 UTC] StefanGreeting shortcode handler anropad!
[21-Aug-2025 07:55:43 UTC] StefanGreeting shortcode handler anropad!
[21-Aug-2025 07:55:44 UTC] Registering shortcode
[21-Aug-2025 07:55:58 UTC] Registering shortcode
[21-Aug-2025 07:55:59 UTC] Registering shortcode
[21-Aug-2025 07:56:59 UTC] Registering shortcode
[21-Aug-2025 07:57:59 UTC] Registering shortcode
[25-Aug-2025 11:37:41 UTC] PHP Fatal error:  Uncaught TypeError: call_user_func_array(): Argument #1 ($callback) must be a valid callback, class HockeyPlayer_CPT does not have a method "register_hockeyplayer_cpt" in C:\Users\stefa\source\wordpressmedplugin\wp-includes\class-wp-hook.php:324
Stack trace:
#0 C:\Users\stefa\source\wordpressmedplugin\wp-includes\class-wp-hook.php(348): WP_Hook->apply_filters(NULL, Array)
#1 C:\Users\stefa\source\wordpressmedplugin\wp-includes\plugin.php(517): WP_Hook->do_action(Array)
#2 C:\Users\stefa\source\wordpressmedplugin\wp-settings.php(727): do_action('init')
#3 C:\Users\stefa\source\wordpressmedplugin\wp-config.php(104): require_once('C:\\Users\\stefa\\...')
#4 C:\Users\stefa\source\wordpressmedplugin\wp-load.php(50): require_once('C:\\Users\\stefa\\...')
#5 C:\Users\stefa\source\wordpressmedplugin\wp-admin\admin-ajax.php(22): require_once('C:\\Users\\stefa\\...')
#6 {main}
  thrown in C:\Users\stefa\source\wordpressmedplugin\wp-includes\class-wp-hook.php on line 324
[25-Aug-2025 11:37:42 UTC] PHP Fatal error:  Uncaught TypeError: call_user_func_array(): Argument #1 ($callback) must be a valid callback, class HockeyPlayer_CPT does not have a method "register_hockeyplayer_cpt" in C:\Users\stefa\source\wordpressmedplugin\wp-includes\class-wp-hook.php:324
Stack trace:
#0 C:\Users\stefa\source\wordpressmedplugin\wp-includes\class-wp-hook.php(348): WP_Hook->apply_filters(NULL, Array)
#1 C:\Users\stefa\source\wordpressmedplugin\wp-includes\plugin.php(517): WP_Hook->do_action(Array)
#2 C:\Users\stefa\source\wordpressmedplugin\wp-settings.php(727): do_action('init')
#3 C:\Users\stefa\source\wordpressmedplugin\wp-config.php(104): require_once('C:\\Users\\stefa\\...')
#4 C:\Users\stefa\source\wordpressmedplugin\wp-load.php(50): require_once('C:\\Users\\stefa\\...')
#5 C:\Users\stefa\source\wordpressmedplugin\wp-admin\admin.php(35): require_once('C:\\Users\\stefa\\...')
#6 C:\Users\stefa\source\wordpressmedplugin\wp-admin\edit.php(10): require_once('C:\\Users\\stefa\\...')
#7 {main}
  thrown in C:\Users\stefa\source\wordpressmedplugin\wp-includes\class-wp-hook.php on line 324
[25-Aug-2025 11:48:43 UTC] Automatic updates starting...
[25-Aug-2025 11:48:43 UTC]   Automatic plugin updates starting...
[25-Aug-2025 11:48:43 UTC]   Automatic plugin updates complete.
[25-Aug-2025 11:48:43 UTC] Automatic updates complete.
[25-Aug-2025 14:10:03 UTC] PHP Deprecated:  File Theme without header.php is <strong>deprecated</strong> since version 3.0.0 with no alternative available. Please include a header.php template in your theme. in C:\Users\stefa\source\wordpressmedplugin\wp-includes\functions.php on line 6121
[25-Aug-2025 14:10:03 UTC] PHP Deprecated:  File Theme without footer.php is <strong>deprecated</strong> since version 3.0.0 with no alternative available. Please include a footer.php template in your theme. in C:\Users\stefa\source\wordpressmedplugin\wp-includes\functions.php on line 6121
[25-Aug-2025 14:10:10 UTC] PHP Deprecated:  File Theme without header.php is <strong>deprecated</strong> since version 3.0.0 with no alternative available. Please include a header.php template in your theme. in C:\Users\stefa\source\wordpressmedplugin\wp-includes\functions.php on line 6121
[25-Aug-2025 14:10:10 UTC] PHP Deprecated:  File Theme without footer.php is <strong>deprecated</strong> since version 3.0.0 with no alternative available. Please include a footer.php template in your theme. in C:\Users\stefa\source\wordpressmedplugin\wp-includes\functions.php on line 6121
[25-Aug-2025 14:14:16 UTC] PHP Deprecated:  File Theme without header.php is <strong>deprecated</strong> since version 3.0.0 with no alternative available. Please include a header.php template in your theme. in C:\Users\stefa\source\wordpressmedplugin\wp-includes\functions.php on line 6121
[25-Aug-2025 14:14:16 UTC] PHP Deprecated:  File Theme without footer.php is <strong>deprecated</strong> since version 3.0.0 with no alternative available. Please include a footer.php template in your theme. in C:\Users\stefa\source\wordpressmedplugin\wp-includes\functions.php on line 6121
[25-Aug-2025 14:14:39 UTC] PHP Deprecated:  File Theme without header.php is <strong>deprecated</strong> since version 3.0.0 with no alternative available. Please include a header.php template in your theme. in C:\Users\stefa\source\wordpressmedplugin\wp-includes\functions.php on line 6121
[25-Aug-2025 14:14:39 UTC] PHP Deprecated:  File Theme without footer.php is <strong>deprecated</strong> since version 3.0.0 with no alternative available. Please include a footer.php template in your theme. in C:\Users\stefa\source\wordpressmedplugin\wp-includes\functions.php on line 6121
[25-Aug-2025 14:14:51 UTC] PHP Deprecated:  File Theme without header.php is <strong>deprecated</strong> since version 3.0.0 with no alternative available. Please include a header.php template in your theme. in C:\Users\stefa\source\wordpressmedplugin\wp-includes\functions.php on line 6121
[25-Aug-2025 14:14:51 UTC] PHP Deprecated:  File Theme without footer.php is <strong>deprecated</strong> since version 3.0.0 with no alternative available. Please include a footer.php template in your theme. in C:\Users\stefa\source\wordpressmedplugin\wp-includes\functions.php on line 6121
[25-Aug-2025 14:21:19 UTC] PHP Deprecated:  File Theme without header.php is <strong>deprecated</strong> since version 3.0.0 with no alternative available. Please include a header.php template in your theme. in C:\Users\stefa\source\wordpressmedplugin\wp-includes\functions.php on line 6121
[25-Aug-2025 14:21:19 UTC] PHP Deprecated:  File Theme without footer.php is <strong>deprecated</strong> since version 3.0.0 with no alternative available. Please include a footer.php template in your theme. in C:\Users\stefa\source\wordpressmedplugin\wp-includes\functions.php on line 6121
[25-Aug-2025 14:23:18 UTC] PHP Deprecated:  File Theme without header.php is <strong>deprecated</strong> since version 3.0.0 with no alternative available. Please include a header.php template in your theme. in C:\Users\stefa\source\wordpressmedplugin\wp-includes\functions.php on line 6121
[25-Aug-2025 14:23:18 UTC] PHP Deprecated:  File Theme without footer.php is <strong>deprecated</strong> since version 3.0.0 with no alternative available. Please include a footer.php template in your theme. in C:\Users\stefa\source\wordpressmedplugin\wp-includes\functions.php on line 6121
[25-Aug-2025 14:23:24 UTC] PHP Deprecated:  File Theme without header.php is <strong>deprecated</strong> since version 3.0.0 with no alternative available. Please include a header.php template in your theme. in C:\Users\stefa\source\wordpressmedplugin\wp-includes\functions.php on line 6121
[25-Aug-2025 14:23:24 UTC] PHP Deprecated:  File Theme without footer.php is <strong>deprecated</strong> since version 3.0.0 with no alternative available. Please include a footer.php template in your theme. in C:\Users\stefa\source\wordpressmedplugin\wp-includes\functions.php on line 6121
[25-Aug-2025 14:23:59 UTC] PHP Deprecated:  File Theme without header.php is <strong>deprecated</strong> since version 3.0.0 with no alternative available. Please include a header.php template in your theme. in C:\Users\stefa\source\wordpressmedplugin\wp-includes\functions.php on line 6121
[25-Aug-2025 14:23:59 UTC] PHP Deprecated:  File Theme without footer.php is <strong>deprecated</strong> since version 3.0.0 with no alternative available. Please include a footer.php template in your theme. in C:\Users\stefa\source\wordpressmedplugin\wp-includes\functions.php on line 6121
[25-Aug-2025 14:40:53 UTC] PHP Deprecated:  File Theme without header.php is <strong>deprecated</strong> since version 3.0.0 with no alternative available. Please include a header.php template in your theme. in C:\Users\stefa\source\wordpressmedplugin\wp-includes\functions.php on line 6121
[25-Aug-2025 14:40:53 UTC] PHP Deprecated:  File Theme without footer.php is <strong>deprecated</strong> since version 3.0.0 with no alternative available. Please include a footer.php template in your theme. in C:\Users\stefa\source\wordpressmedplugin\wp-includes\functions.php on line 6121
[25-Aug-2025 14:41:48 UTC] PHP Deprecated:  File Theme without header.php is <strong>deprecated</strong> since version 3.0.0 with no alternative available. Please include a header.php template in your theme. in C:\Users\stefa\source\wordpressmedplugin\wp-includes\functions.php on line 6121
[25-Aug-2025 14:41:48 UTC] PHP Deprecated:  File Theme without footer.php is <strong>deprecated</strong> since version 3.0.0 with no alternative available. Please include a footer.php template in your theme. in C:\Users\stefa\source\wordpressmedplugin\wp-includes\functions.php on line 6121
[25-Aug-2025 14:42:27 UTC] PHP Deprecated:  File Theme without header.php is <strong>deprecated</strong> since version 3.0.0 with no alternative available. Please include a header.php template in your theme. in C:\Users\stefa\source\wordpressmedplugin\wp-includes\functions.php on line 6121
[25-Aug-2025 14:42:27 UTC] PHP Deprecated:  File Theme without footer.php is <strong>deprecated</strong> since version 3.0.0 with no alternative available. Please include a footer.php template in your theme. in C:\Users\stefa\source\wordpressmedplugin\wp-includes\functions.php on line 6121
[25-Aug-2025 14:44:51 UTC] PHP Deprecated:  File Theme without header.php is <strong>deprecated</strong> since version 3.0.0 with no alternative available. Please include a header.php template in your theme. in C:\Users\stefa\source\wordpressmedplugin\wp-includes\functions.php on line 6121
[25-Aug-2025 14:44:51 UTC] PHP Deprecated:  File Theme without footer.php is <strong>deprecated</strong> since version 3.0.0 with no alternative available. Please include a footer.php template in your theme. in C:\Users\stefa\source\wordpressmedplugin\wp-includes\functions.php on line 6121
[25-Aug-2025 14:44:59 UTC] PHP Deprecated:  File Theme without header.php is <strong>deprecated</strong> since version 3.0.0 with no alternative available. Please include a header.php template in your theme. in C:\Users\stefa\source\wordpressmedplugin\wp-includes\functions.php on line 6121
[25-Aug-2025 14:44:59 UTC] PHP Deprecated:  File Theme without footer.php is <strong>deprecated</strong> since version 3.0.0 with no alternative available. Please include a footer.php template in your theme. in C:\Users\stefa\source\wordpressmedplugin\wp-includes\functions.php on line 6121
[25-Aug-2025 14:45:13 UTC] PHP Deprecated:  File Theme without header.php is <strong>deprecated</strong> since version 3.0.0 with no alternative available. Please include a header.php template in your theme. in C:\Users\stefa\source\wordpressmedplugin\wp-includes\functions.php on line 6121
[25-Aug-2025 14:45:13 UTC] PHP Deprecated:  File Theme without footer.php is <strong>deprecated</strong> since version 3.0.0 with no alternative available. Please include a footer.php template in your theme. in C:\Users\stefa\source\wordpressmedplugin\wp-includes\functions.php on line 6121
